<?xml version="1.0" encoding="UTF-8"?>
<robot generator="Robot 3.2.2 (Python 3.9.5 on win32)" generated="20210509 14:14:34.537" rpa="false">
<suite id="s1" name="Pedido" source="C:\Users\02047838525\Documents\rfw\parodifood\tests\pedido.robot">
<test id="s1-t1" name="Deve realizar um novo pedido em Dinheiro">
<kw name="Start Session" library="home" type="setup">
<kw name="New Browser" library="Browser">
<tags>
<tag>BrowserControl</tag>
<tag>Setter</tag>
</tags>
<doc>Create a new playwright Browser with specified options.
See `Browser, Context and Page` for more information about Browser and related concepts.</doc>
<arguments>
<arg>${browser}</arg>
<arg>${headless}</arg>
</arguments>
<msg timestamp="20210509 14:14:35.454" level="INFO">{"browser": "chromium", "headless": false, "handleSIGINT": true, "handleSIGTERM": true, "handleSIGHUP": true, "timeout": 30000.0, "devtools": false, "slowMo": 0.0}</msg>
<msg timestamp="20210509 14:14:36.008" level="INFO">Successfully created browser with options: {"browser":"chromium","headless":false,"handleSIGINT":true,"handleSIGTERM":true,"handleSIGHUP":true,"timeout":30000,"devtools":false,"slowMo":0}</msg>
<status status="PASS" starttime="20210509 14:14:35.454" endtime="20210509 14:14:36.010"></status>
</kw>
<kw name="New Page" library="Browser">
<tags>
<tag>BrowserControl</tag>
<tag>Setter</tag>
</tags>
<doc>Open a new Page. A Page is the Playwright equivalent to a tab.
See `Browser, Context and Page` for more information about Page concept.
Returns a stable identifier for the created page.</doc>
<arguments>
<arg>http://parodifood.qaninja.academy/</arg>
</arguments>
<msg timestamp="20210509 14:14:39.850" level="INFO">Successfully initialized new page object and opened url: http://parodifood.qaninja.academy/</msg>
<status status="PASS" starttime="20210509 14:14:36.011" endtime="20210509 14:14:39.850"></status>
</kw>
<kw name="Get Text" library="Browser">
<tags>
<tag>Assertion</tag>
<tag>Getter</tag>
<tag>PageContent</tag>
</tags>
<doc>Returns text attribute of the element found by ``selector``.
See the `Finding elements` section for details about the selectors.</doc>
<arguments>
<arg>css=span</arg>
<arg>contains</arg>
<arg>Nunca foi tão engraçado pedir comida</arg>
</arguments>
<status status="PASS" starttime="20210509 14:14:39.850" endtime="20210509 14:14:39.901"></status>
</kw>
<status status="PASS" starttime="20210509 14:14:35.454" endtime="20210509 14:14:39.902"></status>
</kw>
<kw name="Get JSON" library="base">
<arguments>
<arg>order.json</arg>
</arguments>
<assign>
<var>${order_json}</var>
</assign>
<kw name="Get File" library="OperatingSystem">
<doc>Returns the contents of a specified file.</doc>
<arguments>
<arg>${EXECDIR}/resources/fixtures/${FILE_NAME}</arg>
</arguments>
<assign>
<var>${FILE}</var>
</assign>
<msg timestamp="20210509 14:14:39.903" level="INFO" html="yes">Getting file '&lt;a href="file://C:\Users\02047838525\Documents\rfw\parodifood\resources\fixtures\order.json"&gt;C:\Users\02047838525\Documents\rfw\parodifood\resources\fixtures\order.json&lt;/a&gt;'.</msg>
<msg timestamp="20210509 14:14:39.903" level="INFO">${FILE} = {
    "search_item": "Debuger",
    "restaurant": "DEBUGER KING",
    "desc": "40 anos se especializando em trash food.",
    "products": [
        {
            "name": "Woopper Burger"
        },
  ...</msg>
<status status="PASS" starttime="20210509 14:14:39.902" endtime="20210509 14:14:39.903"></status>
</kw>
<kw name="Evaluate" library="BuiltIn">
<doc>Evaluates the given expression in Python and returns the result.</doc>
<arguments>
<arg>json.loads($FILE)</arg>
<arg>json</arg>
</arguments>
<assign>
<var>${SUPER_VAR}</var>
</assign>
<msg timestamp="20210509 14:14:39.906" level="INFO">${SUPER_VAR} = {'search_item': 'Debuger', 'restaurant': 'DEBUGER KING', 'desc': '40 anos se especializando em trash food.', 'products': [{'name': 'Woopper Burger'}, {'name': 'Batatas Fritas'}, {'name': 'Refrigerante...</msg>
<status status="PASS" starttime="20210509 14:14:39.903" endtime="20210509 14:14:39.906"></status>
</kw>
<msg timestamp="20210509 14:14:39.906" level="INFO">${order_json} = {'search_item': 'Debuger', 'restaurant': 'DEBUGER KING', 'desc': '40 anos se especializando em trash food.', 'products': [{'name': 'Woopper Burger'}, {'name': 'Batatas Fritas'}, {'name': 'Refrigerante...</msg>
<status status="PASS" starttime="20210509 14:14:39.902" endtime="20210509 14:14:39.906"></status>
</kw>
<kw name="Search Restaurant" library="search">
<arguments>
<arg>${order_json["search_item"]}</arg>
</arguments>
<kw name="Click" library="Browser">
<tags>
<tag>PageContent</tag>
<tag>Setter</tag>
</tags>
<doc>Simulates mouse click on the element found by ``selector``.</doc>
<arguments>
<arg>text=Estou com fome!</arg>
</arguments>
<status status="PASS" starttime="20210509 14:14:39.907" endtime="20210509 14:14:39.979"></status>
</kw>
<kw name="Get Text" library="Browser">
<tags>
<tag>Assertion</tag>
<tag>Getter</tag>
<tag>PageContent</tag>
</tags>
<doc>Returns text attribute of the element found by ``selector``.
See the `Finding elements` section for details about the selectors.</doc>
<arguments>
<arg>css=h1 strong</arg>
<arg>contains</arg>
<arg>Ta na hora de matar a fome!</arg>
</arguments>
<status status="PASS" starttime="20210509 14:14:39.979" endtime="20210509 14:14:39.996"></status>
</kw>
<kw name="Click" library="Browser">
<tags>
<tag>PageContent</tag>
<tag>Setter</tag>
</tags>
<doc>Simulates mouse click on the element found by ``selector``.</doc>
<arguments>
<arg>css=.search-link</arg>
</arguments>
<status status="PASS" starttime="20210509 14:14:39.996" endtime="20210509 14:14:40.044"></status>
</kw>
<kw name="Fill Text" library="Browser">
<tags>
<tag>PageContent</tag>
<tag>Setter</tag>
</tags>
<doc>Clears and fills the given ``text`` into the text field found by ``selector``.</doc>
<arguments>
<arg>css=input[formcontrolname="searchControl"]</arg>
<arg>${TARGET}</arg>
</arguments>
<msg timestamp="20210509 14:14:40.045" level="INFO">Fills the text 'Debuger' in the given field.</msg>
<status status="PASS" starttime="20210509 14:14:40.044" endtime="20210509 14:14:40.064"></status>
</kw>
<status status="PASS" starttime="20210509 14:14:39.907" endtime="20210509 14:14:40.065"></status>
</kw>
<kw name="Choose Restaurant" library="search">
<arguments>
<arg>${order_json}</arg>
</arguments>
<kw name="Click" library="Browser">
<tags>
<tag>PageContent</tag>
<tag>Setter</tag>
</tags>
<doc>Simulates mouse click on the element found by ``selector``.</doc>
<arguments>
<arg>text=${var["restaurant"]}</arg>
</arguments>
<status status="PASS" starttime="20210509 14:14:40.065" endtime="20210509 14:14:41.121"></status>
</kw>
<kw name="Wait For Elements State" library="Browser">
<tags>
<tag>PageContent</tag>
<tag>Wait</tag>
</tags>
<doc>Waits for the element found by ``selector`` to satisfy state option.</doc>
<arguments>
<arg>css=#detail</arg>
<arg>visible</arg>
<arg>${DEFAULT_TIMEOUT}</arg>
</arguments>
<msg timestamp="20210509 14:14:41.136" level="INFO">Wait for Element with selector: css=#detail</msg>
<status status="PASS" starttime="20210509 14:14:41.121" endtime="20210509 14:14:41.137"></status>
</kw>
<kw name="Get Text" library="Browser">
<tags>
<tag>Assertion</tag>
<tag>Getter</tag>
<tag>PageContent</tag>
</tags>
<doc>Returns text attribute of the element found by ``selector``.
See the `Finding elements` section for details about the selectors.</doc>
<arguments>
<arg>css=#detail</arg>
<arg>contains</arg>
<arg>${var["desc"]}</arg>
</arguments>
<status status="PASS" starttime="20210509 14:14:41.138" endtime="20210509 14:14:41.443"></status>
</kw>
<status status="PASS" starttime="20210509 14:14:40.065" endtime="20210509 14:14:41.443"></status>
</kw>
<kw name="${order} IN [ @{order_json[&quot;products&quot;]} ]" type="for">
<kw name="${order} = {'name': 'Woopper Burger'}" type="foritem">
<kw name="Add To Cart" library="cart">
<arguments>
<arg>${order["name"]}</arg>
</arguments>
<kw name="Log" library="BuiltIn">
<doc>Logs the given message with the given level.</doc>
<arguments>
<arg>${NAME}</arg>
</arguments>
<msg timestamp="20210509 14:14:41.445" level="INFO">Woopper Burger</msg>
<status status="PASS" starttime="20210509 14:14:41.444" endtime="20210509 14:14:41.445"></status>
</kw>
<kw name="Click" library="Browser">
<tags>
<tag>PageContent</tag>
<tag>Setter</tag>
</tags>
<doc>Simulates mouse click on the element found by ``selector``.</doc>
<arguments>
<arg>xpath=//span[text()="${NAME}"]/..//a[@class="add-to-cart"]</arg>
</arguments>
<status status="PASS" starttime="20210509 14:14:41.445" endtime="20210509 14:14:41.760"></status>
</kw>
<status status="PASS" starttime="20210509 14:14:41.444" endtime="20210509 14:14:41.760"></status>
</kw>
<kw name="Should Add To Cart" library="cart">
<arguments>
<arg>${order["name"]}</arg>
</arguments>
<kw name="Log" library="BuiltIn">
<doc>Logs the given message with the given level.</doc>
<arguments>
<arg>${NAME}</arg>
</arguments>
<msg timestamp="20210509 14:14:41.761" level="INFO">Woopper Burger</msg>
<status status="PASS" starttime="20210509 14:14:41.761" endtime="20210509 14:14:41.761"></status>
</kw>
<kw name="Wait For Elements State" library="Browser">
<tags>
<tag>PageContent</tag>
<tag>Wait</tag>
</tags>
<doc>Waits for the element found by ``selector`` to satisfy state option.</doc>
<arguments>
<arg>css=#cart tr &gt;&gt; text=${NAME}</arg>
<arg>visible</arg>
<arg>${DEFAULT_TIMEOUT}</arg>
</arguments>
<msg timestamp="20210509 14:14:41.773" level="INFO">Wait for Element with selector: css=#cart tr &gt;&gt; text=Woopper Burger</msg>
<status status="PASS" starttime="20210509 14:14:41.761" endtime="20210509 14:14:41.775"></status>
</kw>
<status status="PASS" starttime="20210509 14:14:41.760" endtime="20210509 14:14:41.775"></status>
</kw>
<status status="PASS" starttime="20210509 14:14:41.444" endtime="20210509 14:14:41.776"></status>
</kw>
<kw name="${order} = {'name': 'Batatas Fritas'}" type="foritem">
<kw name="Add To Cart" library="cart">
<arguments>
<arg>${order["name"]}</arg>
</arguments>
<kw name="Log" library="BuiltIn">
<doc>Logs the given message with the given level.</doc>
<arguments>
<arg>${NAME}</arg>
</arguments>
<msg timestamp="20210509 14:14:41.777" level="INFO">Batatas Fritas</msg>
<status status="PASS" starttime="20210509 14:14:41.776" endtime="20210509 14:14:41.777"></status>
</kw>
<kw name="Click" library="Browser">
<tags>
<tag>PageContent</tag>
<tag>Setter</tag>
</tags>
<doc>Simulates mouse click on the element found by ``selector``.</doc>
<arguments>
<arg>xpath=//span[text()="${NAME}"]/..//a[@class="add-to-cart"]</arg>
</arguments>
<status status="PASS" starttime="20210509 14:14:41.777" endtime="20210509 14:14:41.826"></status>
</kw>
<status status="PASS" starttime="20210509 14:14:41.776" endtime="20210509 14:14:41.827"></status>
</kw>
<kw name="Should Add To Cart" library="cart">
<arguments>
<arg>${order["name"]}</arg>
</arguments>
<kw name="Log" library="BuiltIn">
<doc>Logs the given message with the given level.</doc>
<arguments>
<arg>${NAME}</arg>
</arguments>
<msg timestamp="20210509 14:14:41.827" level="INFO">Batatas Fritas</msg>
<status status="PASS" starttime="20210509 14:14:41.827" endtime="20210509 14:14:41.827"></status>
</kw>
<kw name="Wait For Elements State" library="Browser">
<tags>
<tag>PageContent</tag>
<tag>Wait</tag>
</tags>
<doc>Waits for the element found by ``selector`` to satisfy state option.</doc>
<arguments>
<arg>css=#cart tr &gt;&gt; text=${NAME}</arg>
<arg>visible</arg>
<arg>${DEFAULT_TIMEOUT}</arg>
</arguments>
<msg timestamp="20210509 14:14:41.835" level="INFO">Wait for Element with selector: css=#cart tr &gt;&gt; text=Batatas Fritas</msg>
<status status="PASS" starttime="20210509 14:14:41.827" endtime="20210509 14:14:41.836"></status>
</kw>
<status status="PASS" starttime="20210509 14:14:41.827" endtime="20210509 14:14:41.836"></status>
</kw>
<status status="PASS" starttime="20210509 14:14:41.776" endtime="20210509 14:14:41.836"></status>
</kw>
<kw name="${order} = {'name': 'Refrigerante'}" type="foritem">
<kw name="Add To Cart" library="cart">
<arguments>
<arg>${order["name"]}</arg>
</arguments>
<kw name="Log" library="BuiltIn">
<doc>Logs the given message with the given level.</doc>
<arguments>
<arg>${NAME}</arg>
</arguments>
<msg timestamp="20210509 14:14:41.838" level="INFO">Refrigerante</msg>
<status status="PASS" starttime="20210509 14:14:41.838" endtime="20210509 14:14:41.838"></status>
</kw>
<kw name="Click" library="Browser">
<tags>
<tag>PageContent</tag>
<tag>Setter</tag>
</tags>
<doc>Simulates mouse click on the element found by ``selector``.</doc>
<arguments>
<arg>xpath=//span[text()="${NAME}"]/..//a[@class="add-to-cart"]</arg>
</arguments>
<status status="PASS" starttime="20210509 14:14:41.838" endtime="20210509 14:14:41.884"></status>
</kw>
<status status="PASS" starttime="20210509 14:14:41.836" endtime="20210509 14:14:41.884"></status>
</kw>
<kw name="Should Add To Cart" library="cart">
<arguments>
<arg>${order["name"]}</arg>
</arguments>
<kw name="Log" library="BuiltIn">
<doc>Logs the given message with the given level.</doc>
<arguments>
<arg>${NAME}</arg>
</arguments>
<msg timestamp="20210509 14:14:41.885" level="INFO">Refrigerante</msg>
<status status="PASS" starttime="20210509 14:14:41.885" endtime="20210509 14:14:41.885"></status>
</kw>
<kw name="Wait For Elements State" library="Browser">
<tags>
<tag>PageContent</tag>
<tag>Wait</tag>
</tags>
<doc>Waits for the element found by ``selector`` to satisfy state option.</doc>
<arguments>
<arg>css=#cart tr &gt;&gt; text=${NAME}</arg>
<arg>visible</arg>
<arg>${DEFAULT_TIMEOUT}</arg>
</arguments>
<msg timestamp="20210509 14:14:41.899" level="INFO">Wait for Element with selector: css=#cart tr &gt;&gt; text=Refrigerante</msg>
<status status="PASS" starttime="20210509 14:14:41.885" endtime="20210509 14:14:41.900"></status>
</kw>
<status status="PASS" starttime="20210509 14:14:41.884" endtime="20210509 14:14:41.900"></status>
</kw>
<status status="PASS" starttime="20210509 14:14:41.836" endtime="20210509 14:14:41.900"></status>
</kw>
<status status="PASS" starttime="20210509 14:14:41.444" endtime="20210509 14:14:41.900"></status>
</kw>
<kw name="Go Checkout" library="order">
<kw name="Click" library="Browser">
<tags>
<tag>PageContent</tag>
<tag>Setter</tag>
</tags>
<doc>Simulates mouse click on the element found by ``selector``.</doc>
<arguments>
<arg>text=Fechar Pedido</arg>
</arguments>
<status status="PASS" starttime="20210509 14:14:41.901" endtime="20210509 14:14:41.981"></status>
</kw>
<kw name="Set Variable" library="BuiltIn">
<doc>Returns the given values which can then be assigned to a variables.</doc>
<arguments>
<arg>css=.page-header</arg>
</arguments>
<assign>
<var>${element}</var>
</assign>
<msg timestamp="20210509 14:14:41.982" level="INFO">${element} = css=.page-header</msg>
<status status="PASS" starttime="20210509 14:14:41.981" endtime="20210509 14:14:41.982"></status>
</kw>
<kw name="Wait For Elements State" library="Browser">
<tags>
<tag>PageContent</tag>
<tag>Wait</tag>
</tags>
<doc>Waits for the element found by ``selector`` to satisfy state option.</doc>
<arguments>
<arg>${element}</arg>
<arg>visible</arg>
<arg>${DEFAULT_TIMEOUT}</arg>
</arguments>
<msg timestamp="20210509 14:14:41.996" level="INFO">Wait for Element with selector: css=.page-header</msg>
<status status="PASS" starttime="20210509 14:14:41.982" endtime="20210509 14:14:41.997"></status>
</kw>
<kw name="Get Text" library="Browser">
<tags>
<tag>Assertion</tag>
<tag>Getter</tag>
<tag>PageContent</tag>
</tags>
<doc>Returns text attribute of the element found by ``selector``.
See the `Finding elements` section for details about the selectors.</doc>
<arguments>
<arg>${element}</arg>
<arg>contains</arg>
<arg>Finalize o seu pedido</arg>
</arguments>
<status status="PASS" starttime="20210509 14:14:41.997" endtime="20210509 14:14:42.010"></status>
</kw>
<status status="PASS" starttime="20210509 14:14:41.901" endtime="20210509 14:14:42.010"></status>
</kw>
<kw name="Fill Data Customer" library="order">
<arguments>
<arg>${order_json["customer"]}</arg>
</arguments>
<kw name="Fill Text" library="Browser">
<tags>
<tag>PageContent</tag>
<tag>Setter</tag>
</tags>
<doc>Clears and fills the given ``text`` into the text field found by ``selector``.</doc>
<arguments>
<arg>css=input[placeholder="Nome"]</arg>
<arg>${Customer["name"]}</arg>
</arguments>
<msg timestamp="20210509 14:14:42.011" level="INFO">Fills the text 'Adriano Almeida' in the given field.</msg>
<status status="PASS" starttime="20210509 14:14:42.011" endtime="20210509 14:14:42.032"></status>
</kw>
<kw name="Fill Text" library="Browser">
<tags>
<tag>PageContent</tag>
<tag>Setter</tag>
</tags>
<doc>Clears and fills the given ``text`` into the text field found by ``selector``.</doc>
<arguments>
<arg>css=input[placeholder="E-mail"]</arg>
<arg>${Customer["email"]}</arg>
</arguments>
<msg timestamp="20210509 14:14:42.033" level="INFO">Fills the text 'adrianoalmeida@gmail.com' in the given field.</msg>
<status status="PASS" starttime="20210509 14:14:42.032" endtime="20210509 14:14:42.062"></status>
</kw>
<kw name="Fill Text" library="Browser">
<tags>
<tag>PageContent</tag>
<tag>Setter</tag>
</tags>
<doc>Clears and fills the given ``text`` into the text field found by ``selector``.</doc>
<arguments>
<arg>css=input[placeholder^="Confirmação"]</arg>
<arg>${Customer["email"]}</arg>
</arguments>
<msg timestamp="20210509 14:14:42.063" level="INFO">Fills the text 'adrianoalmeida@gmail.com' in the given field.</msg>
<status status="PASS" starttime="20210509 14:14:42.063" endtime="20210509 14:14:42.083"></status>
</kw>
<kw name="Fill Text" library="Browser">
<tags>
<tag>PageContent</tag>
<tag>Setter</tag>
</tags>
<doc>Clears and fills the given ``text`` into the text field found by ``selector``.</doc>
<arguments>
<arg>css=input[placeholder="Endereço"]</arg>
<arg>${Customer["address"]}</arg>
</arguments>
<msg timestamp="20210509 14:14:42.083" level="INFO">Fills the text 'Rua das exceptions' in the given field.</msg>
<status status="PASS" starttime="20210509 14:14:42.083" endtime="20210509 14:14:42.102"></status>
</kw>
<kw name="Fill Text" library="Browser">
<tags>
<tag>PageContent</tag>
<tag>Setter</tag>
</tags>
<doc>Clears and fills the given ``text`` into the text field found by ``selector``.</doc>
<arguments>
<arg>css=input[placeholder="Número"]</arg>
<arg>${Customer["number"]}</arg>
</arguments>
<msg timestamp="20210509 14:14:42.103" level="INFO">Fills the text '1260' in the given field.</msg>
<status status="PASS" starttime="20210509 14:14:42.103" endtime="20210509 14:14:42.126"></status>
</kw>
<kw name="Fill Text" library="Browser">
<tags>
<tag>PageContent</tag>
<tag>Setter</tag>
</tags>
<doc>Clears and fills the given ``text`` into the text field found by ``selector``.</doc>
<arguments>
<arg>css=input[placeholder="Complemento"]</arg>
<arg>Apt 80</arg>
</arguments>
<msg timestamp="20210509 14:14:42.127" level="INFO">Fills the text 'Apt 80' in the given field.</msg>
<status status="PASS" starttime="20210509 14:14:42.127" endtime="20210509 14:14:42.150"></status>
</kw>
<status status="PASS" starttime="20210509 14:14:42.011" endtime="20210509 14:14:42.150"></status>
</kw>
<kw name="Select Payment Option" library="order">
<arguments>
<arg>${order_json["payment"]}</arg>
</arguments>
<kw name="If" library="Reserved">
<arguments>
<arg>"${payment}" == "Dinheiro"</arg>
</arguments>
<msg timestamp="20210509 14:14:42.152" level="FAIL">'If' is a reserved keyword.</msg>
<status status="FAIL" starttime="20210509 14:14:42.151" endtime="20210509 14:14:42.152"></status>
</kw>
<status status="FAIL" starttime="20210509 14:14:42.151" endtime="20210509 14:14:42.152"></status>
</kw>
<kw name="Take Screenshot" library="Browser" type="teardown">
<tags>
<tag>PageContent</tag>
</tags>
<doc>Takes a screenshot of the current window and saves it to ``path``. Saves it as a png.</doc>
<msg timestamp="20210509 14:14:42.521" level="INFO" html="yes">&lt;/td&gt;&lt;/tr&gt;&lt;tr&gt;&lt;td colspan="3"&gt;&lt;a href="browser/screenshot/robotframework-browser-screenshot-127.png"&gt;&lt;img src="browser/screenshot/robotframework-browser-screenshot-127.png" width="800px"&gt;&lt;/a&gt;</msg>
<status status="PASS" starttime="20210509 14:14:42.152" endtime="20210509 14:14:42.521"></status>
</kw>
<tags>
<tag>um_pedido</tag>
</tags>
<status status="FAIL" starttime="20210509 14:14:35.454" endtime="20210509 14:14:42.522" critical="yes">'If' is a reserved keyword.</status>
</test>
<status status="FAIL" starttime="20210509 14:14:34.537" endtime="20210509 14:14:42.604"></status>
</suite>
<statistics>
<total>
<stat pass="0" fail="1">Critical Tests</stat>
<stat pass="0" fail="1">All Tests</stat>
</total>
<tag>
<stat pass="0" fail="1">um_pedido</stat>
</tag>
<suite>
<stat pass="0" fail="1" id="s1" name="Pedido">Pedido</stat>
</suite>
</statistics>
<errors>
</errors>
</robot>
